#
# There is insufficient memory for the Java Runtime Environment to continue.
# Native memory allocation (mmap) failed to map 532676608 bytes for G1 virtual space
# Possible reasons:
#   The system is out of physical RAM or swap space
#   The process is running with CompressedOops enabled, and the Java Heap may be blocking the growth of the native heap
# Possible solutions:
#   Reduce memory load on the system
#   Increase physical memory or swap space
#   Check if swap backing store is full
#   Decrease Java heap size (-Xmx/-Xms)
#   Decrease number of Java threads
#   Decrease Java thread stack sizes (-Xss)
#   Set larger code cache with -XX:ReservedCodeCacheSize=
#   JVM is running with Unscaled Compressed Oops mode in which the Java heap is
#     placed in the first 4GB address space. The Java Heap base address is the
#     maximum limit for the native heap growth. Please use -XX:HeapBaseMinAddress
#     to set the Java Heap base and to place the Java Heap above 4GB virtual address.
# This output file may be truncated or incomplete.
#
#  Out of Memory Error (os_windows.cpp:3530), pid=16636, tid=24184
#
# JRE version:  (18.0.2.1+1) (build )
# Java VM: Java HotSpot(TM) 64-Bit Server VM (18.0.2.1+1-1, mixed mode, sharing, tiered, compressed oops, compressed class ptrs, g1 gc, windows-amd64)
# No core dump will be written. Minidumps are not enabled by default on client versions of Windows
#

---------------  S U M M A R Y ------------

Command Line: -Dorg.gradle.internal.worker.tmpdir=D:\2hak-1\spring_ex\ex4\build\tmp\test\work -Dorg.gradle.native=false -Xmx512m -Dfile.encoding=x-windows-949 -Duser.country=KR -Duser.language=ko -Duser.variant -ea worker.org.gradle.process.internal.worker.GradleWorkerMain 'Gradle Test Executor 4'

Host: Intel(R) Xeon(R) W-2223 CPU @ 3.60GHz, 8 cores, 31G,  Windows 10 , 64 bit Build 19041 (10.0.19041.2788)
Time: Tue May  9 14:05:29 2023  Windows 10 , 64 bit Build 19041 (10.0.19041.2788) elapsed time: 0.009149 seconds (0d 0h 0m 0s)

---------------  T H R E A D  ---------------

Current thread (0x0000012b103ae740):  JavaThread "Unknown thread" [_thread_in_vm, id=24184, stack(0x000000097e700000,0x000000097e800000)]

Stack: [0x000000097e700000,0x000000097e800000]
Native frames: (J=compiled Java code, j=interpreted, Vv=VM code, C=native code)
V  [jvm.dll+0x6993aa]
V  [jvm.dll+0x7f46dd]
V  [jvm.dll+0x7f5fee]
V  [jvm.dll+0x7f66a3]
V  [jvm.dll+0x25cf1f]
V  [jvm.dll+0x6962f9]
V  [jvm.dll+0x68ae2a]
V  [jvm.dll+0x32255b]
V  [jvm.dll+0x329f36]
V  [jvm.dll+0x37eade]
V  [jvm.dll+0x37ed0f]
V  [jvm.dll+0x2fa2da]
V  [jvm.dll+0x2fb33d]
V  [jvm.dll+0x7c3310]
V  [jvm.dll+0x38be61]
V  [jvm.dll+0x7a2023]
V  [jvm.dll+0x40dc3f]
V  [jvm.dll+0x40f611]
C  [jli.dll+0x526b]
C  [ucrtbase.dll+0x21bb2]
C  [KERNEL32.DLL+0x17604]
C  [ntdll.dll+0x526a1]


---------------  P R O C E S S  ---------------

Threads class SMR info:
_java_thread_list=0x00007ffff277e550, length=0, elements={
}

Java Threads: ( => current thread )

Other Threads:
  0x0000012b103e3500 WorkerThread "GC Thread#0" [stack: 0x000000097e800000,0x000000097e900000] [id=23272]
  0x0000012b103e8430 ConcurrentGCThread "G1 Main Marker" [stack: 0x000000097e900000,0x000000097ea00000] [id=19796]
  0x0000012b103e9dd0 WorkerThread "G1 Conc#0" [stack: 0x000000097ea00000,0x000000097eb00000] [id=20984]

[error occurred during error reporting (printing all threads), id 0xc0000005, EXCEPTION_ACCESS_VIOLATION (0xc0000005) at pc=0x00007ffff1faa877]

VM state: not at safepoint (not fully initialized)

VM Mutex/Monitor currently owned by a thread:  ([mutex/lock_event])
[0x0000012b103abd30] Heap_lock - owner thread: 0x0000012b103ae740

Heap address: 0x00000000e0000000, size: 512 MB, Compressed Oops mode: 32-bit

CDS archive(s) mapped at: [0x0000000000000000-0x0000000000000000-0x0000000000000000), size 0, SharedBaseAddress: 0x0000000800000000, ArchiveRelocationMode: 0.
Narrow klass base: 0x0000000000000000, Narrow klass shift: 0, Narrow klass range: 0x0

GC Precious Log:
 CardTable entry size: 512
 Card Set container configuration: InlinePtr #cards 5 size 8 Array Of Cards #cards 12 size 40 Howl #buckets 4 coarsen threshold 1843 Howl Bitmap #cards 512 size 80 coarsen threshold 460 Card regions per heap region 1 cards per card region 2048

Heap:
 garbage-first heap   total 0K, used 0K [0x00000000e0000000, 0x0000000100000000)
  region size 1024K, 0 young (0K), 0 survivors (0K)

[error occurred during error reporting (printing heap information), id 0xc0000005, EXCEPTION_ACCESS_VIOLATION (0xc0000005) at pc=0x00007ffff2391839]

GC Heap History (0 events):
No events

Deoptimization events (0 events):
No events

Classes loaded (0 events):
No events

Classes unloaded (0 events):
No events

Classes redefined (0 events):
No events

Internal exceptions (0 events):
No events

VM Operations (0 events):
No events

Events (1 events):
Event: 0.006 Loaded shared library C:\Program Files\Java\jdk-18.0.2.1\bin\java.dll


Dynamic libraries:
0x00007ff7d5df0000 - 0x00007ff7d5e00000 	C:\Program Files\Java\jdk-18.0.2.1\bin\java.exe
0x00007ff891a90000 - 0x00007ff891c88000 	C:\WINDOWS\SYSTEM32\ntdll.dll
0x00007ff891240000 - 0x00007ff8912ff000 	C:\WINDOWS\System32\KERNEL32.DLL
0x00007ff88f4b0000 - 0x00007ff88f78a000 	C:\WINDOWS\System32\KERNELBASE.dll
0x00007ff88f340000 - 0x00007ff88f440000 	C:\WINDOWS\System32\ucrtbase.dll
0x00007ff86d7d0000 - 0x00007ff86d7e8000 	C:\Program Files\Java\jdk-18.0.2.1\bin\jli.dll
0x00007ff8786c0000 - 0x00007ff8786da000 	C:\Program Files\Java\jdk-18.0.2.1\bin\VCRUNTIME140.dll
0x00007ff890d00000 - 0x00007ff890dae000 	C:\WINDOWS\System32\ADVAPI32.dll
0x00007ff890dc0000 - 0x00007ff890e5e000 	C:\WINDOWS\System32\msvcrt.dll
0x00007ff890bb0000 - 0x00007ff890c4c000 	C:\WINDOWS\System32\sechost.dll
0x00007ff8902d0000 - 0x00007ff8903f6000 	C:\WINDOWS\System32\RPCRT4.dll
0x00007ff890130000 - 0x00007ff8902cd000 	C:\WINDOWS\System32\USER32.dll
0x00007ff88f930000 - 0x00007ff88f952000 	C:\WINDOWS\System32\win32u.dll
0x00007ff891000000 - 0x00007ff89102b000 	C:\WINDOWS\System32\GDI32.dll
0x00007ff8760e0000 - 0x00007ff87637a000 	C:\WINDOWS\WinSxS\amd64_microsoft.windows.common-controls_6595b64144ccf1df_6.0.19041.1110_none_60b5254171f9507e\COMCTL32.dll
0x00007ff88f230000 - 0x00007ff88f340000 	C:\WINDOWS\System32\gdi32full.dll
0x00007ff88f790000 - 0x00007ff88f82d000 	C:\WINDOWS\System32\msvcp_win.dll
0x00007ff886c30000 - 0x00007ff886c3a000 	C:\WINDOWS\SYSTEM32\VERSION.dll
0x00007ff890a60000 - 0x00007ff890a90000 	C:\WINDOWS\System32\IMM32.DLL
0x00007ff88ac90000 - 0x00007ff88ac9c000 	C:\Program Files\Java\jdk-18.0.2.1\bin\vcruntime140_1.dll
0x00007ff82cb20000 - 0x00007ff82cbad000 	C:\Program Files\Java\jdk-18.0.2.1\bin\msvcp140.dll
0x00007ffff1ca0000 - 0x00007ffff28b1000 	C:\Program Files\Java\jdk-18.0.2.1\bin\server\jvm.dll
0x00007ff890ba0000 - 0x00007ff890ba8000 	C:\WINDOWS\System32\PSAPI.DLL
0x00007ff87b820000 - 0x00007ff87b829000 	C:\WINDOWS\SYSTEM32\WSOCK32.dll
0x00007ff885960000 - 0x00007ff885987000 	C:\WINDOWS\SYSTEM32\WINMM.dll
0x00007ff890e60000 - 0x00007ff890ecb000 	C:\WINDOWS\System32\WS2_32.dll
0x00007ff88d040000 - 0x00007ff88d052000 	C:\WINDOWS\SYSTEM32\kernel.appcore.dll
0x00007ff878610000 - 0x00007ff87861a000 	C:\Program Files\Java\jdk-18.0.2.1\bin\jimage.dll
0x00007ff879680000 - 0x00007ff879864000 	C:\WINDOWS\SYSTEM32\DBGHELP.DLL
0x00007ff876660000 - 0x00007ff876694000 	C:\WINDOWS\SYSTEM32\dbgcore.DLL
0x00007ff88f1a0000 - 0x00007ff88f222000 	C:\WINDOWS\System32\bcryptPrimitives.dll
0x00007ff864ce0000 - 0x00007ff864d05000 	C:\Program Files\Java\jdk-18.0.2.1\bin\java.dll

dbghelp: loaded successfully - version: 4.0.5 - missing functions: none
symbol engine: initialized successfully - sym options: 0x614 - pdb path: .;C:\Program Files\Java\jdk-18.0.2.1\bin;C:\WINDOWS\SYSTEM32;C:\WINDOWS\WinSxS\amd64_microsoft.windows.common-controls_6595b64144ccf1df_6.0.19041.1110_none_60b5254171f9507e;C:\Program Files\Java\jdk-18.0.2.1\bin\server

VM Arguments:
jvm_args: -Dorg.gradle.internal.worker.tmpdir=D:\2hak-1\spring_ex\ex4\build\tmp\test\work -Dorg.gradle.native=false -Xmx512m -Dfile.encoding=x-windows-949 -Duser.country=KR -Duser.language=ko -Duser.variant -ea 
java_command: worker.org.gradle.process.internal.worker.GradleWorkerMain 'Gradle Test Executor 4'
java_class_path (initial): C:\\Users\\PC5\\.gradle\\caches\\7.6.1\\workerMain\\gradle-worker.jar;D:\\2hak-1\\spring_ex\\ex4\\build\\classes\\java\\test;D:\\2hak-1\\spring_ex\\ex4\\build\\classes\\java\\main;D:\\2hak-1\\spring_ex\\ex4\\build\\resources\\main;C:\\Users\\PC5\\.gradle\\caches\\modules-2\\files-2.1\\org.springframework.boot\\spring-boot-starter-data-jpa\\3.0.5\\3878bf2b2555fc1d38a9ebde0169eec4eaf6bf1c\\spring-boot-starter-data-jpa-3.0.5.jar;C:\\Users\\PC5\\.gradle\\caches\\modules-2\\files-2.1\\org.springframework.boot\\spring-boot-starter-thymeleaf\\3.0.5\\e23e18da18a7eef641be6797e74de61ac7b399bd\\spring-boot-starter-thymeleaf-3.0.5.jar;C:\\Users\\PC5\\.gradle\\caches\\modules-2\\files-2.1\\org.springframework.boot\\spring-boot-starter-web\\3.0.5\\c8f9a85fed134963b69cb2f2a0dcf151047b6cd1\\spring-boot-starter-web-3.0.5.jar;C:\\Users\\PC5\\.gradle\\caches\\modules-2\\files-2.1\\org.mariadb.jdbc\\mariadb-java-client\\3.1.2\\801ace72b17a40da0bfa8c37e4e09ea4fce68284\\mariadb-java-client-3.1.2.jar;C:\\Users\\PC5\\.gradle\\caches\\modules-2\\files-2.1\\com.querydsl\\querydsl-jpa\\5.0.0\\2a653852848dee41b967d3520be3339f0f92f1ea\\querydsl-jpa-5.0.0-jakarta.jar;C:\\Users\\PC5\\.gradle\\caches\\modules-2\\files-2.1\\org.springframework.boot\\spring-boot-starter-test\\3.0.5\\cf9fd5d146ce335eaec708b5bde40445f94ee813\\spring-boot-starter-test-3.0.5.jar;C:\\Users\\PC5\\.gradle\\caches\\modules-2\\files-2.1\\org.springframework.boot\\spring-boot-starter-aop\\3.0.5\\99559481bff53a47999f0fc9bdb5d89999a9e8d0\\spring-boot-starter-aop-3.0.5.jar;C:\\Users\\PC5\\.gradle\\caches\\modules-2\\files-2.1\\org.springframework.boot\\spring-boot-starter-jdbc\\3.0.5\\289da3f406133ff2f35c4f61fdc43e5112e45404\\spring-boot-starter-jdbc-3.0.5.jar;C:\\Users\\PC5\\.gradle\\caches\\modules-2\\files-2.1\\org.hibernate.orm\\hibernate-core\\6.1.7.Final\\343f47b34c96fe9c44bf9b219a7b3c5d6d2fc90e\\hibernate-core-6.1.7.Final.jar;C:\\Users\\PC5\\.gradle\\caches\\modules-2\\files-2.1\\org.springframework.data\\spring-data-jpa\\3.0.4\\a2f14d5216cd25bb3c1ea374d4d7c06663525268\\spring-data-jpa-3.0.4.jar;C:\\Users\\PC5\\.gradle\\caches\\modules-2\\files-2.1\\org.springframework\\spring-aspects\\6.0.7\\1b4656c722d3a73640ebf9d730f4f4433ceb3204\\spring-aspects-6.0.7.jar;C:\\Users\\PC5\\.gradle\\caches\\modules-2\\files-2.1\\org.springframework.boot\\spring-boot-starter-json\\3.0.5\\d9b191badbcc63083770ba111f9290e45e512a54\\spring-boot-starter-json-3.0.5.jar;C:\\Users\\PC5\\.gradle\\caches\\modules-2\\files-2.1\\org.springframework.boot\\spring-boot-starter\\3.0.5\\5d13714accd45b2b1af0d5de1495b2ed9a49fe89\\spring-boot-starter-3.0.5.jar;C:\\Users\\PC5\\.gradle\\caches\\modules-2\\files-2.1\\org.thymeleaf\\thymeleaf-spring6\\3.1.1.RELEASE\\deb52ef921a4ac5132fedb7ebfc2bc1dad4382b3\\thymeleaf-spring6-3.1.1.RELEASE.jar;C:\\Users\\PC5\\.gradle\\caches\\modules-2\\files-2.1\\org.springframework.boot\\spring-boot-starter-tomcat\\3.0.5\\5dd71e501f2be01a359ef7187e28a523379c23f2\\spring-boot-starter-tomcat-3.0.5.jar;C:\\Users\\PC5\\.gradle\\caches\\modules-2\\files-2.1\\org.springframework\\spring-webmvc\\6.0.7\\2fdde1a0d3706a85fe318a4f6ebffb4f4f7c4c6d\\spring-webmvc-6.0.7.jar;C:\\Users\\PC5\\.gradle\\caches\\modules-2\\files-2.1\\org.springframework\\spring-web\\6.0.7\\43f8ac9c46c15d57fca00fc81ce1f2849f6cecb9\\spring-web-6.0.7.jar;C:\\Users\\PC5\\.gradle\\caches\\modules-2\\files-2.1\\com.github.waffle\\waffle-jna\\3.2.0\\6ac5882dea3a15575237ef5d1793c51279ae1335\\waffle-jna-3.2.0.jar;C:\\Users\\PC5\\.gradle\\caches\\modules-2\\files-2.1\\com.querydsl\\querydsl-core\\5.0.0\\7a469f78b7a89bae429f17766fb92687d0ab9e5b\\querydsl-core-5.0.0.jar;C:\\Users\\PC5\\.gradle\\caches\\modules-2\\files-2.1\\org.springframework.boot\\spring-boot-test-autoconfigure\\3.0.5\\8abab8961ac6a634a9bb1edea4182ab54297c947\\spring-boot-test-autoconfigure-3.0.5.jar;C:\\Users\\PC5\\.gradle\\caches\\modules-2\\files-2.1\\org.springframework.boot\\spring-boot-test\\3.0.5\\2895ed0f90fc2a52fc27172f678ce05c1c256b37\\spring-boot-test-3.0.5.jar;C:\\Users\\PC5\\.gradle\\caches\\modules-2\\files-2.1\\com.jayway.jsonpath\\json-path\\2.7.0\\f9d7d9659f2694e61142046ff8a216c047f263e8\\json-path-2.7.0.jar;C:\\Users\\PC5\\.gradle\\caches\\modules-2\\files-2.1\\org.glassfish.jaxb\\jaxb-runtime\\4.0.2\\e4e4e0c5b0d42054d00dc4023901572a60d368c7\\jaxb-runtime-4.0.2.jar;C:\\Users\\PC5\\.gradle\\caches\\modules-2\\files-2.1\\org.glassfish.jaxb\\jaxb-core\\4.0.2\\8c29249f6c10f4ee08967783831580b0f5c5360\\jaxb-core-4.0.2.jar;C:\\Users\\PC5\\.gradle\\caches\\modules-2\\files-2.1\\jakarta.xml.bind\\jakarta.xml.bind-api\\4.0.0\\bbb399208d288b15ec101fa4fcfc4bd77cedc97a\\jakarta.xml.bind-api-4.0.0.jar;C:\\Users\\PC5\\.gradle\\caches\\modules-2\\files-2.1\\org.assertj\\assertj-core\\3.23.1\\d2bb60570f5b3d7ffa8f8000118c9c07b86eca93\\assertj-core-3.23.1.jar;C:\\Users\\PC5\\.gradle\\caches\\modules-2\\files-2.1\\org.hamcrest\\hamcrest\\2.2\\1820c0968dba3a11a1b30669bb1f01978a91dedc\\hamcrest-2.2.jar;C:\\Users\\PC5\\.gradle\\caches\\modules-2\\files-2.1\\org.mockito\\mockito-junit-jupiter\\4.8.1\\e393aa62eca2244a535b03842843f2f199343d1f\\mockito-junit-jupiter-4.8.1.jar;C:\\Users\\PC5\\.gradle\\caches\\modules-2\\files-2.1\\org.junit.jupiter\\junit-jupiter-params\\5.9.2\\bc2765afb7b85b583c710dd259a11c6b8c39e912\\junit-jupiter-params-5.9.2.jar;C:\\Users\\PC5\\.gradle\\caches\\modules-2\\files-2.1\\org.junit.jupiter\\junit-jupiter-engine\\5.9.2\\572f7a553b53f83ee59cc045ce1c3772864ab76c\\junit-jupiter-engine-5.9.2.jar;C:\\Users\\PC5\\.gradle\\caches\\modules-2\\files-2.1\\org.junit.jupiter\\junit-jupiter-api\\5.9.2\\fed843581520eac594bc36bb4b0f55e7b947dda9\\junit-jupiter-api-5.9.2.jar;C:\\Users\\PC5\\.gradle\\caches\\modules-2\\files-2.1\\org.junit.platform\\junit-platform-engine\\1.9.2\\40aeef2be7b04f96bb91e8b054affc28b7c7c935\\junit-platform-engine-1.9.2.jar;C:\\Users\\PC5\\.gradle\\caches\\modules-2\\files-2.1\\org.junit.platform\\junit-platform-commons\\1.9.2\\6f9f8621d8230cd38aa42e58ccbc0c00569131ce\\junit-platform-commons-1.9.2.jar;C:\\Users\\PC5\\.gradle\\caches\\modules-2\\files-2.1\\org.junit.jupiter\\junit-jupiter\\5.9.2\\26c586fbe0ebd81b48c9f11f0d998124248697ae\\junit-jupiter-5.9.2.jar;C:\\Users\\PC5\\.gradle\\caches\\modules-2\\files-2.1\\org.mockito\\mockito-core\\4.8.1\\d8eb9dec8747d08645347bb8c69088ac83197975\\mockito-core-4.8.1.jar;C:\\Users\\PC5\\.gradle\\caches\\modules-2\\files-2.1\\org.skyscreamer\\jsonassert\\1.5.1\\6d842d0faf4cf6725c509a5e5347d319ee0431c3\\jsonassert-1.5.1.jar;C:\\Users\\PC5\\.gradle\\caches\\modules-2\\files-2.1\\org.springframework\\spring-test\\6.0.7\\c0734c4b554ee485b80cdf193f9b9f5e201d29ae\\spring-test-6.0.7.jar;C:\\Users\\PC5\\.gradle\\caches\\modules-2\\files-2.1\\org.springframework.boot\\spring-boot-autoconfigure\\3.0.5\\fa43d48c30a0105562ac8b0fb34e58deaa19737c\\spring-boot-autoconfigure-3.0.5.jar;C:\\Users\\PC5\\.gradle\\caches\\modules-2\\files-2.1\\org.springframework.boot\\spring-boot\\3.0.5\\a2aea9c55893accab2c9f3a987b5b58b277bfd42\\spring-boot-3.0.5.jar;C:\\Users\\PC5\\.gradle\\caches\\modules-2\\files-2.1\\org.springframework\\spring-context\\6.0.7\\439a4cc348c87014fa7ae7d20c6498a10283a6cf\\spring-context-6.0.7.jar;C:\\Users\\PC5\\.gradle\\caches\\modules-2\\files-2.1\\org.springframework\\spring-aop\\6.0.7\\d5b0bb68c88a4027d8e5d42f438088db86f29660\\spring-aop-6.0.7.jar;C:\\Users\\PC5\\.gradle\\caches\\modules-2\\files-2.1\\org.springframework\\spring-orm\\6.0.7\\7e9220ca1c760920b4c9e21ac1011692eaf3240f\\spring-orm-6.0.7.jar;C:\\Users\\PC5\\.gradle\\caches\\modules-2\\files-2.1\\org.springframework\\spring-jdbc\\6.0.7\\a9ae58a5b4d1e233514528dff570b6601fd5eec6\\spring-jdbc-6.0.7.jar;C:\\Users\\PC5\\.gradle\\caches\\modules-2\\files-2.1\\org.springframework.data\\spring-data-commons\\3.0.4\\3fb1dacb8a71a36b73a3f1ad22cc8cd3932420b3\\spring-data-commons-3.0.4.jar;C:\\Users\\PC5\\.gradle\\caches\\modules-2\\files-2.1\\org.springframework\\spring-tx\\6.0.7\\d062bbaf50e4acb24edda5202a9732fee38e978b\\spring-tx-6.0.7.jar;C:\\Users\\PC5\\.gradle\\caches\\modules-2\\files-2.1\\org.springframework\\spring-beans\\6.0.7\\1abeec454cd1a2a40cff11ed5c388228eb021871\\spring-beans-6.0.7.jar;C:\\Users\\PC5\\.gradle\\caches\\modules-2\\files-2.1\\org.springframework\\spring-expression\\6.0.7\\c9c93c88d35d02a0291ad7051065544fc0b674a3\\spring-expression-6.0.7.jar;C:\\Users\\PC5\\.gradle\\caches\\modules-2\\files-2.1\\org.springframework\\spring-core\\6.0.7\\33ad624acd55c846ec56fd65bd954b23fb2681b3\\spring-core-6.0.7.jar;C:\\Users\\PC5\\.gradle\\caches\\modules-2\\files-2.1\\org.xmlunit\\xmlunit-core\\2.9.1\\e5833662d9a1279a37da3ef6f62a1da29fcd68c4\\xmlunit-core-2.9.1.jar;C:\\Users\\PC5\\.gradle\\caches\\modules-2\\files-2.1\\org.aspectj\\aspectjweaver\\1.9.19\\afbffb1210239fbba5cad73093c5b216d515838f\\aspectjweaver-1.9.19.jar;C:\\Users\\PC5\\.gradle\\caches\\modules-2\\files-2.1\\com.zaxxer\\HikariCP\\5.0.1\\a74c7f0a37046846e88d54f7cb6ea6d565c65f9c\\HikariCP-5.0.1.jar;C:\\Users\\PC5\\.gradle\\caches\\modules-2\\files-2.1\\jakarta.persistence\\jakarta.persistence-api\\3.1.0\\66901fa1c373c6aff65c13791cc11da72060a8d6\\jakarta.persistence-api-3.1.0.jar;C:\\Users\\PC5\\.gradle\\caches\\modules-2\\files-2.1\\jakarta.transaction\\jakarta.transaction-api\\2.0.1\\51a520e3fae406abb84e2e1148e6746ce3f80a1a\\jakarta.transaction-api-2.0.1.jar;C:\\Users\\PC5\\.gradle\\caches\\modules-2\\files-2.1\\org.jboss.logging\\jboss-logging\\3.5.0.Final\\c19307cc11f28f5e2679347e633a3294d865334d\\jboss-logging-3.5.0.Final.jar;C:\\Users\\PC5\\.gradle\\caches\\modules-2\\files-2.1\\org.hibernate.common\\hibernate-commons-annotations\\6.0.6.Final\\77a5f94b56d49508e0ee334751db5b78e5ccd50c\\hibernate-commons-annotations-6.0.6.Final.jar;C:\\Users\\PC5\\.gradle\\caches\\modules-2\\files-2.1\\org.jboss\\jandex\\2.4.2.Final\\1e1c385990b258ff1a24c801e84aebbacf70eb39\\jandex-2.4.2.Final.jar;C:\\Users\\PC5\\.gradle\\caches\\modules-2\\files-2.1\\com.fasterxml\\classmate\\1.5.1\\3fe0bed568c62df5e89f4f174c101eab25345b6c\\classmate-1.5.1.jar;C:\\Users\\PC5\\.gradle\\caches\\modules-2\\files-2.1\\net.bytebuddy\\byte-buddy\\1.12.23\\d470526e8c4566c04e9ae5d3ccb62d1a7aa58986\\byte-buddy-1.12.23.jar;C:\\Users\\PC5\\.gradle\\caches\\modules-2\\files-2.1\\jakarta.inject\\jakarta.inject-api\\2.0.0\\46fc8560b6fd17b78396d88f39c1a730457671f0\\jakarta.inject-api-2.0.0.jar;C:\\Users\\PC5\\.gradle\\caches\\modules-2\\files-2.1\\org.antlr\\antlr4-runtime\\4.10.1\\10839f875928f59c622d675091d51a43ea0dc5f7\\antlr4-runtime-4.10.1.jar;C:\\Users\\PC5\\.gradle\\caches\\modules-2\\files-2.1\\jakarta.annotation\\jakarta.annotation-api\\2.1.1\\48b9bda22b091b1f48b13af03fe36db3be6e1ae3\\jakarta.annotation-api-2.1.1.jar;C:\\Users\\PC5\\.gradle\\caches\\modules-2\\files-2.1\\org.thymeleaf\\thymeleaf\\3.1.1.RELEASE\\374a129dfa5e7d7f1a46eacc4d49e594ca0cf26f\\thymeleaf-3.1.1.RELEASE.jar;C:\\Users\\PC5\\.gradle\\caches\\modules-2\\files-2.1\\org.slf4j\\jcl-over-slf4j\\2.0.7\\f127fe5ee53404a8b3697cdd032dd1dd6a29dd77\\jcl-over-slf4j-2.0.7.jar;C:\\Users\\PC5\\.gradle\\caches\\modules-2\\files-2.1\\org.springframework.boot\\spring-boot-starter-logging\\3.0.5\\693455577f6f8c8a53f5992479358e955df74920\\spring-boot-starter-logging-3.0.5.jar;C:\\Users\\PC5\\.gradle\\caches\\modules-2\\files-2.1\\ch.qos.logback\\logback-classic\\1.4.6\\61f81fe5d996f077f90a08ff5ca75d01dbe752c3\\logback-classic-1.4.6.jar;C:\\Users\\PC5\\.gradle\\caches\\modules-2\\files-2.1\\org.apache.logging.log4j\\log4j-to-slf4j\\2.19.0\\30f4812e43172ecca5041da2cb6b965cc4777c19\\log4j-to-slf4j-2.19.0.jar;C:\\Users\\PC5\\.gradle\\caches\\modules-2\\files-2.1\\org.slf4j\\jul-to-slf4j\\2.0.7\\a48f44aeaa8a5ddc347007298a28173ac1fbbd8b\\jul-to-slf4j-2.0.7.jar;C:\\Users\\PC5\\.gradle\\caches\\modules-2\\files-2.1\\org.slf4j\\slf4j-api\\2.0.7\\41eb7184ea9d556f23e18b5cb99cad1f8581fc00\\slf4j-api-2.0.7.jar;C:\\Users\\PC5\\.gradle\\caches\\modules-2\\files-2.1\\org.yaml\\snakeyaml\\1.33\\2cd0a87ff7df953f810c344bdf2fe3340b954c69\\snakeyaml-1.33.jar;C:\\Users\\PC5\\.gradle\\caches\\modules-2\\files-2.1\\com.fasterxml.jackson.datatype\\jackson-datatype-jsr310\\2.14.2\\796518148a385b2728d44886cc0f8852eb8eeb53\\jackson-datatype-jsr310-2.14.2.jar;C:\\Users\\PC5\\.gradle\\caches\\modules-2\\files-2.1\\com.fasterxml.jackson.module\\jackson-module-parameter-names\\2.14.2\\2b6c19b3d99dda02915515df879ab9e23fed3864\\jackson-module-parameter-names-2.14.2.jar;C:\\Users\\PC5\\.gradle\\caches\\modules-2\\files-2.1\\com.fasterxml.jackson.core\\jackson-annotations\\2.14.2\\a7aae9525864930723e3453ab799521fdfd9d873\\jackson-annotations-2.14.2.jar;C:\\Users\\PC5\\.gradle\\caches\\modules-2\\files-2.1\\com.fasterxml.jackson.core\\jackson-core\\2.14.2\\f804090e6399ce0cf78242db086017512dd71fcc\\jackson-core-2.14.2.jar;C:\\Users\\PC5\\.gradle\\caches\\modules-2\\files-2.1\\com.fasterxml.jackson.datatype\\jackson-datatype-jdk8\\2.14.2\\2f3c71211b6ea7a978eba33574d7135d536e07fb\\jackson-datatype-jdk8-2.14.2.jar;C:\\Users\\PC5\\.gradle\\caches\\modules-2\\files-2.1\\com.fasterxml.jackson.core\\jackson-databind\\2.14.2\\1e71fddbc80bb86f71a6345ac1e8ab8a00e7134\\jackson-databind-2.14.2.jar;C:\\Users\\PC5\\.gradle\\caches\\modules-2\\files-2.1\\org.apache.tomcat.embed\\tomcat-embed-websocket\\10.1.7\\2dbb5446ecea57d97293e041142534ad314580ea\\tomcat-embed-websocket-10.1.7.jar;C:\\Users\\PC5\\.gradle\\caches\\modules-2\\files-2.1\\org.apache.tomcat.embed\\tomcat-embed-core\\10.1.7\\d486363d49c6536556af38d7e1052d56a39319e5\\tomcat-embed-core-10.1.7.jar;C:\\Users\\PC5\\.gradle\\caches\\modules-2\\files-2.1\\org.apache.tomcat.embed\\tomcat-embed-el\\10.1.7\\dfaad36190c21beaaefb932333f7d955165810bb\\tomcat-embed-el-10.1.7.jar;C:\\Users\\PC5\\.gradle\\caches\\modules-2\\files-2.1\\io.micrometer\\micrometer-observation\\1.10.5\\88cc220b1480ff39d1744f0413711e82701686a4\\micrometer-observation-1.10.5.jar;C:\\Users\\PC5\\.gradle\\caches\\modules-2\\files-2.1\\net.java.dev.jna\\jna-platform\\5.12.1\\97406a297c852f4a41e688a176ec675f72e8329\\jna-platform-5.12.1.jar;C:\\Users\\PC5\\.gradle\\caches\\modules-2\\files-2.1\\net.java.dev.jna\\jna\\5.12.1\\b1e93a735caea94f503e95e6fe79bf9cdc1e985d\\jna-5.12.1.jar;C:\\Users\\PC5\\.gradle\\caches\\modules-2\\files-2.1\\com.github.ben-manes.caffeine\\caffeine\\3.1.5\\566c9b18953d9c7e916ab6823bf404899dccfefd\\caffeine-3.1.5.jar;C:\\Users\\PC5\\.gradle\\caches\\modules-2\\files-2.1\\org.checkerframework\\checker-qual\\3.32.0\\54ebd61f46b58b862c779e034073a93489ab3faf\\checker-qual-3.32.0.jar;C:\\Users\\PC5\\.gradle\\caches\\modules-2\\files-2.1\\com.mysema.commons\\mysema-commons-lang\\0.2.4\\d09c8489d54251a6c22fbce804bdd4a070557317\\mysema-commons-lang-0.2.4.jar;C:\\Users\\PC5\\.gradle\\caches\\modules-2\\files-2.1\\net.minidev\\json-smart\\2.4.10\\91cb329e9424bf32131eeb1ce2d17bf31b9899bc\\json-smart-2.4.10.jar;C:\\Users\\PC5\\.gradle\\caches\\modules-2\\files-2.1\\org.eclipse.angus\\angus-activation\\2.0.0\\72369f4e2314d38de2dcbb277141ef0226f73151\\angus-activation-2.0.0.jar;C:\\Users\\PC5\\.gradle\\caches\\modules-2\\files-2.1\\jakarta.activation\\jakarta.activation-api\\2.1.1\\88c774ab863a21fb2fc4219af95379fafe499a31\\jakarta.activation-api-2.1.1.jar;C:\\Users\\PC5\\.gradle\\caches\\modules-2\\files-2.1\\net.bytebuddy\\byte-buddy-agent\\1.12.23\\1cba11fdb72c383edacb909f79ae6870efd275e4\\byte-buddy-agent-1.12.23.jar;C:\\Users\\PC5\\.gradle\\caches\\modules-2\\files-2.1\\org.objenesis\\objenesis\\3.2\\7fadf57620c8b8abdf7519533e5527367cb51f09\\objenesis-3.2.jar;C:\\Users\\PC5\\.gradle\\caches\\modules-2\\files-2.1\\com.vaadin.external.google\\android-json\\0.0.20131108.vaadin1\\fa26d351fe62a6a17f5cda1287c1c6110dec413f\\android-json-0.0.20131108.vaadin1.jar;C:\\Users\\PC5\\.gradle\\caches\\modules-2\\files-2.1\\org.springframework\\spring-jcl\\6.0.7\\6250e61ccf71b83204669e0501533278ef7888f8\\spring-jcl-6.0.7.jar;C:\\Users\\PC5\\.gradle\\caches\\modules-2\\files-2.1\\org.attoparser\\attoparser\\2.0.6.RELEASE\\8f603f22a18d4f7258f8860ccbb68b069f49904a\\attoparser-2.0.6.RELEASE.jar;C:\\Users\\PC5\\.gradle\\caches\\modules-2\\files-2.1\\org.unbescape\\unbescape\\1.1.6.RELEASE\\7b90360afb2b860e09e8347112800d12c12b2a13\\unbescape-1.1.6.RELEASE.jar;C:\\Users\\PC5\\.gradle\\caches\\modules-2\\files-2.1\\io.micrometer\\micrometer-commons\\1.10.5\\bb78821020b0e6008e62ee919702b8d4249794d5\\micrometer-commons-1.10.5.jar;C:\\Users\\PC5\\.gradle\\caches\\modules-2\\files-2.1\\com.google.errorprone\\error_prone_annotations\\2.18.0\\89b684257096f548fa39a7df9fdaa409d4d4df91\\error_prone_annotations-2.18.0.jar;C:\\Users\\PC5\\.gradle\\caches\\modules-2\\files-2.1\\net.minidev\\accessors-smart\\2.4.9\\32e540749224c22c9b17de8137e916aae9057e22\\accessors-smart-2.4.9.jar;C:\\Users\\PC5\\.gradle\\caches\\modules-2\\files-2.1\\org.opentest4j\\opentest4j\\1.2.0\\28c11eb91f9b6d8e200631d46e20a7f407f2a046\\opentest4j-1.2.0.jar;C:\\Users\\PC5\\.gradle\\caches\\modules-2\\files-2.1\\org.glassfish.jaxb\\txw2\\4.0.2\\24e167be69c29ebb7ee0a3b1f9b546f1dfd111fc\\txw2-4.0.2.jar;C:\\Users\\PC5\\.gradle\\caches\\modules-2\\files-2.1\\com.sun.istack\\istack-commons-runtime\\4.1.1\\9b3769c76235bc283b060da4fae2318c6d53f07e\\istack-commons-runtime-4.1.1.jar;C:\\Users\\PC5\\.gradle\\caches\\modules-2\\files-2.1\\ch.qos.logback\\logback-core\\1.4.6\\c4eb386f0fe83d61c2e8a91df50bb07e7ea95140\\logback-core-1.4.6.jar;C:\\Users\\PC5\\.gradle\\caches\\modules-2\\files-2.1\\org.apache.logging.log4j\\log4j-api\\2.19.0\\ea1b37f38c327596b216542bc636cfdc0b8036fa\\log4j-api-2.19.0.jar;C:\\Users\\PC5\\.gradle\\caches\\modules-2\\files-2.1\\org.ow2.asm\\asm\\9.3\\8e6300ef51c1d801a7ed62d07cd221aca3a90640\\asm-9.3.jar
Launcher Type: SUN_STANDARD

[Global flags]
     intx CICompilerCount                          = 4                                         {product} {ergonomic}
     uint ConcGCThreads                            = 2                                         {product} {ergonomic}
     uint G1ConcRefinementThreads                  = 8                                         {product} {ergonomic}
   size_t G1HeapRegionSize                         = 1048576                                   {product} {ergonomic}
    uintx GCDrainStackTargetSize                   = 64                                        {product} {ergonomic}
   size_t InitialHeapSize                          = 532676608                                 {product} {ergonomic}
   size_t MarkStackSize                            = 4194304                                   {product} {ergonomic}
   size_t MaxHeapSize                              = 536870912                                 {product} {command line}
   size_t MinHeapDeltaBytes                        = 1048576                                   {product} {ergonomic}
   size_t MinHeapSize                              = 8388608                                   {product} {ergonomic}
    uintx NonNMethodCodeHeapSize                   = 5839372                                {pd product} {ergonomic}
    uintx NonProfiledCodeHeapSize                  = 122909434                              {pd product} {ergonomic}
    uintx ProfiledCodeHeapSize                     = 122909434                              {pd product} {ergonomic}
    uintx ReservedCodeCacheSize                    = 251658240                              {pd product} {ergonomic}
     bool SegmentedCodeCache                       = true                                      {product} {ergonomic}
   size_t SoftMaxHeapSize                          = 536870912                              {manageable} {ergonomic}
     bool UseCompressedClassPointers               = true                           {product lp64_product} {ergonomic}
     bool UseCompressedOops                        = true                           {product lp64_product} {ergonomic}
     bool UseG1GC                                  = true                                      {product} {ergonomic}
     bool UseLargePagesIndividualAllocation        = false                                  {pd product} {ergonomic}

Logging:
Log output configuration:
 #0: stdout all=warning uptime,level,tags foldmultilines=false
 #1: stderr all=off uptime,level,tags foldmultilines=false

Environment Variables:
JAVA_HOME=C:\Program Files\Microsoft\jdk-17.0.4.101-hotspot\
PATH=D:\Program\OradeDB\dbhomeXE\bin;C:\Program Files\Common Files\Oracle\Java\javapath;C:\Program Files\NVIDIA GPU Computing Toolkit\CUDA\v11.2\bin;C:\Program Files\NVIDIA GPU Computing Toolkit\CUDA\v11.2\libnvvp;C:\Program Files\Microsoft\jdk-17.0.4.101-hotspot\bin;C:\windows\system32;C:\windows;C:\windows\System32\Wbem;C:\windows\System32\WindowsPowerShell\v1.0\;C:\windows\System32\OpenSSH\;C:\Program Files (x86)\NVIDIA Corporation\PhysX\Common;C:\Program Files\NVIDIA Corporation\NVIDIA NvDLISR;c:\Program Files (x86)\HP\HP Performance Advisor;C:\WINDOWS\system32;C:\WINDOWS;C:\WINDOWS\System32\Wbem;C:\WINDOWS\System32\WindowsPowerShell\v1.0\;C:\WINDOWS\System32\OpenSSH\;C:\Program Files\NVIDIA Corporation\Nsight Compute 2020.3.1\;C:\Program Files\NVIDIA GPU Computing Toolkit\CUDA\v11.2\include;C:\Program Files\Bandizip\;C:\Program Files\PuTTY\;C:\Program Files\Git\cmd;C:\Users\PC5\AppData\Local\Microsoft\WindowsApps;;C:\Users\PC5\AppData\Local\Programs\Microsoft VS Code\bin;C:\Program Files\JetBrains\IntelliJ IDEA 2022.3.2\bin;;C:\Program Files\Graphviz\bin
USERNAME=PC5
OS=Windows_NT
PROCESSOR_IDENTIFIER=Intel64 Family 6 Model 85 Stepping 7, GenuineIntel



---------------  S Y S T E M  ---------------

OS:
 Windows 10 , 64 bit Build 19041 (10.0.19041.2788)
OS uptime: 15 days 2:10 hours
Hyper-V role detected

CPU: total 8 (initial active 8) (4 cores per cpu, 2 threads per core) family 6 model 85 stepping 7 microcode 0x5003103, cx8, cmov, fxsr, ht, mmx, 3dnowpref, sse, sse2, sse3, ssse3, sse4.1, sse4.2, popcnt, lzcnt, tsc, tscinvbit, avx, avx2, aes, erms, clmul, bmi1, bmi2, adx, avx512f, avx512dq, avx512cd, avx512bw, avx512vl, fma, vzeroupper, avx512_vnni, clflush, clflushopt, clwb, hv

Memory: 4k page, system-wide physical 32495M (14691M free)
TotalPageFile size 36591M (AvailPageFile size 138M)
current process WorkingSet (physical memory assigned to process): 11M, peak: 11M
current process commit charge ("private bytes"): 59M, peak: 567M

vm_info: Java HotSpot(TM) 64-Bit Server VM (18.0.2.1+1-1) for windows-amd64 JRE (18.0.2.1+1-1), built on Aug 16 2022 01:46:33 by "mach5one" with MS VC++ 16.8 / 16.9 (VS2019)

END.
